<?xml version="1.0" encoding="UTF-8"?>
<!-- Generated by org.testng.reporters.JUnitXMLReporter -->
<testsuite hostname="Mol10" name="Default test" tests="21" failures="0" timestamp="12 Aug 2016 18:09:16 GMT" time="0.156" errors="0">
  <testcase name="correctEmailsVerifying" time="0.014" classname="com.foodstore.EmailValidatorTest"/>
  <testcase name="correctEmailsVerifying" time="0.004" classname="com.foodstore.EmailValidatorTest"/>
  <testcase name="correctEmailsVerifying" time="0.002" classname="com.foodstore.EmailValidatorTest"/>
  <testcase name="correctEmailsVerifying" time="0.002" classname="com.foodstore.EmailValidatorTest"/>
  <testcase name="correctEmailsVerifying" time="0.003" classname="com.foodstore.EmailValidatorTest"/>
  <testcase name="correctEmailsVerifying" time="0.002" classname="com.foodstore.EmailValidatorTest"/>
  <testcase name="correctEmailsVerifying" time="0.002" classname="com.foodstore.EmailValidatorTest"/>
  <testcase name="correctEmailsVerifying" time="0.002" classname="com.foodstore.EmailValidatorTest"/>
  <testcase name="verifyIncorrectEmailsCanNotBeUused" time="0.003" classname="com.foodstore.EmailValidatorTest"/>
  <testcase name="verifyIncorrectEmailsCanNotBeUused" time="0.002" classname="com.foodstore.EmailValidatorTest"/>
  <testcase name="verifyIncorrectEmailsCanNotBeUused" time="0.003" classname="com.foodstore.EmailValidatorTest"/>
  <testcase name="verifyIncorrectEmailsCanNotBeUused" time="0.003" classname="com.foodstore.EmailValidatorTest"/>
  <testcase name="verifyIncorrectEmailsCanNotBeUused" time="0.002" classname="com.foodstore.EmailValidatorTest"/>
  <testcase name="verifyIncorrectEmailsCanNotBeUused" time="0.002" classname="com.foodstore.EmailValidatorTest"/>
  <testcase name="verifyIncorrectEmailsCanNotBeUused" time="0.002" classname="com.foodstore.EmailValidatorTest"/>
  <testcase name="verifyInvalidPasswords" time="0.001" classname="com.foodstore.PasswordValidatorTest"/>
  <testcase name="verifyInvalidPasswords" time="0.001" classname="com.foodstore.PasswordValidatorTest"/>
  <testcase name="verifyInvalidPasswords" time="0.001" classname="com.foodstore.PasswordValidatorTest"/>
  <testcase name="verifyValidPasswords" time="0.001" classname="com.foodstore.PasswordValidatorTest"/>
  <testcase name="verifyValidPasswords" time="0.002" classname="com.foodstore.PasswordValidatorTest"/>
  <testcase name="verifyValidPasswords" time="0.004" classname="com.foodstore.PasswordValidatorTest"/>
</testsuite> <!-- Default test -->
